\BOOKMARK [0][-]{chapter*.2}{Introduction}{}% 1
\BOOKMARK [0][-]{chapter.1}{Straight Line and Pair of Straight Lines}{}% 2
\BOOKMARK [1][-]{section*.3}{Section-A [JEE Advanced/IIT-JEE]}{chapter.1}% 3
\BOOKMARK [1][-]{section*.3}{A : Fill in the Blanks}{chapter.1}% 4
\BOOKMARK [1][-]{Item.8}{B : True/False}{chapter.1}% 5
\BOOKMARK [1][-]{Item.10}{C : MCQ'S with One Correct Answer}{chapter.1}% 6
\BOOKMARK [1][-]{Item.128}{D : MCQ'S with One or More Than One Correct Answer}{chapter.1}% 7
\BOOKMARK [1][-]{Item.177}{E : Subjective Problems}{chapter.1}% 8
\BOOKMARK [1][-]{Item.205}{H : Assertion and Reason Type Questions}{chapter.1}% 9
\BOOKMARK [1][-]{Item.210}{I : Integer Value Correct Type }{chapter.1}% 10
\BOOKMARK [1][-]{Item.211}{Section-B [JEE Main/AIEE]}{chapter.1}% 11
\BOOKMARK [0][-]{chapter.2}{Three Dimensional Geometry}{}% 12
\BOOKMARK [1][-]{section*.4}{Section-A [JEE Advanced/IIT-JEE]}{chapter.2}% 13
\BOOKMARK [1][-]{section*.4}{A : Fill in the Blanks}{chapter.2}% 14
\BOOKMARK [1][-]{Item.406}{B : True/False}{chapter.2}% 15
\BOOKMARK [1][-]{Item.410}{C : MCQ'S with One Correct Answer}{chapter.2}% 16
\BOOKMARK [1][-]{Item.650}{D : MCQ'S with One or More Than One Correct Answer}{chapter.2}% 17
\BOOKMARK [1][-]{Item.765}{E : Subjective Problems}{chapter.2}% 18
\BOOKMARK [1][-]{figure.2.1}{F : Match The Following}{chapter.2}% 19
\BOOKMARK [1][-]{Item.810}{F : Comprehension Based Questions}{chapter.2}% 20
\BOOKMARK [1][-]{Item.825}{H : Assertion And Reason Type Questions}{chapter.2}% 21
\BOOKMARK [1][-]{Item.840}{I : Integer Value Correct Type }{chapter.2}% 22
\BOOKMARK [1][-]{Item.853}{Section-B [JEE Advanced/IIT-JEE]}{chapter.2}% 23
\BOOKMARK [1][-]{Item.853}{A : Fill in the Blanks}{chapter.2}% 24
\BOOKMARK [0][-]{chapter.3}{Circle}{}% 25
\BOOKMARK [1][-]{section*.5}{Section-A [JEE Advanced/IIT-JEE]}{chapter.3}% 26
\BOOKMARK [1][-]{section*.5}{A : Fill in the Blanks}{chapter.3}% 27
\BOOKMARK [1][-]{Item.1338}{B : True/False}{chapter.3}% 28
\BOOKMARK [1][-]{Item.1340}{C : MCQ'S with One Correct Answer}{chapter.3}% 29
\BOOKMARK [1][-]{Item.1465}{D : MCQ'S with One or More Than One Correct Answer}{chapter.3}% 30
\BOOKMARK [1][-]{Item.1500}{E : Subjective Problems}{chapter.3}% 31
\BOOKMARK [1][-]{Item.1524}{F : Match The Following}{chapter.3}% 32
\BOOKMARK [1][-]{Item.1542}{G : Comprehension Based Questions}{chapter.3}% 33
\BOOKMARK [1][-]{Item.1592}{H : Assertion And Reason Type Questions}{chapter.3}% 34
\BOOKMARK [1][-]{Item.1602}{I : Integer Value Correct Type }{chapter.3}% 35
\BOOKMARK [1][-]{Item.1606}{Section-B [JEE Mains /AIEEE]}{chapter.3}% 36
\BOOKMARK [0][-]{chapter.4}{Conic Sections}{}% 37
\BOOKMARK [1][-]{section*.6}{Section-A [JEE Advanced/IIT-JEE]}{chapter.4}% 38
\BOOKMARK [1][-]{section*.6}{A : Fill in the Blanks}{chapter.4}% 39
\BOOKMARK [1][-]{Item.1758}{C : MCQ'S with One Correct Answer}{chapter.4}% 40
\BOOKMARK [1][-]{Item.1933}{D : MCQ'S with One or More Than One Correct Answer}{chapter.4}% 41
\BOOKMARK [1][-]{Item.2038}{E : Subjective Problems}{chapter.4}% 42
\BOOKMARK [1][-]{Item.2058}{F : Match The Following}{chapter.4}% 43
\BOOKMARK [1][-]{Item.2082}{G : Comprehension Based Questions}{chapter.4}% 44
\BOOKMARK [1][-]{Item.2152}{H : Assertion And Reason Type Questions}{chapter.4}% 45
\BOOKMARK [1][-]{Item.2157}{I : Integer Value Correct Type }{chapter.4}% 46
\BOOKMARK [1][-]{Item.2168}{Section-B [JEE Mains /AIEEE]}{chapter.4}% 47
\BOOKMARK [0][-]{chapter.5}{abcd}{}% 48
