This is pdfTeX, Version 3.141592653-2.6-1.40.22 (TeX Live 2022/dev/Debian) (preloaded format=pdflatex 2022.11.9)  10 APR 2023 14:39
entering extended mode
 restricted \write18 enabled.
 %&-line parsing enabled.
**chap-9.tex
(./chap-9.tex
LaTeX2e <2021-11-15> patch level 1
L3 programming layer <2022-01-21>
(/usr/share/texlive/texmf-dist/tex/latex/base/article.cls
Document Class: article 2021/10/04 v1.4n Standard LaTeX document class
(/usr/share/texlive/texmf-dist/tex/latex/base/size12.clo
File: size12.clo 2021/10/04 v1.4n Standard LaTeX file (size option)
)
\c@part=\count185
\c@section=\count186
\c@subsection=\count187
\c@subsubsection=\count188
\c@paragraph=\count189
\c@subparagraph=\count190
\c@figure=\count191
\c@table=\count192
\abovecaptionskip=\skip47
\belowcaptionskip=\skip48
\bibindent=\dimen138
)
(/usr/share/texlive/texmf-dist/tex/latex/graphics/graphicx.sty
Package: graphicx 2021/09/16 v1.2d Enhanced LaTeX Graphics (DPC,SPQR)

(/usr/share/texlive/texmf-dist/tex/latex/graphics/keyval.sty
Package: keyval 2014/10/28 v1.15 key=value parser (DPC)
\KV@toks@=\toks16
)
(/usr/share/texlive/texmf-dist/tex/latex/graphics/graphics.sty
Package: graphics 2021/03/04 v1.4d Standard LaTeX Graphics (DPC,SPQR)

(/usr/share/texlive/texmf-dist/tex/latex/graphics/trig.sty
Package: trig 2021/08/11 v1.11 sin cos tan (DPC)
)
(/usr/share/texlive/texmf-dist/tex/latex/graphics-cfg/graphics.cfg
File: graphics.cfg 2016/06/04 v1.11 sample graphics configuration
)
Package graphics Info: Driver file: pdftex.def on input line 107.

(/usr/share/texlive/texmf-dist/tex/latex/graphics-def/pdftex.def
File: pdftex.def 2020/10/05 v1.2a Graphics/color driver for pdftex
))
\Gin@req@height=\dimen139
\Gin@req@width=\dimen140
)
(/usr/share/texlive/texmf-dist/tex/latex/tools/enumerate.sty
Package: enumerate 2015/07/23 v3.00 enumerate extensions (DPC)
\@enLab=\toks17
)
(/usr/share/texlive/texmf-dist/tex/latex/amsmath/amsmath.sty
Package: amsmath 2021/10/15 v2.17l AMS math features
\@mathmargin=\skip49

For additional information on amsmath, use the `?' option.
(/usr/share/texlive/texmf-dist/tex/latex/amsmath/amstext.sty
Package: amstext 2021/08/26 v2.01 AMS text

(/usr/share/texlive/texmf-dist/tex/latex/amsmath/amsgen.sty
File: amsgen.sty 1999/11/30 v2.0 generic functions
\@emptytoks=\toks18
\ex@=\dimen141
))
(/usr/share/texlive/texmf-dist/tex/latex/amsmath/amsbsy.sty
Package: amsbsy 1999/11/29 v1.2d Bold Symbols
\pmbraise@=\dimen142
)
(/usr/share/texlive/texmf-dist/tex/latex/amsmath/amsopn.sty
Package: amsopn 2021/08/26 v2.02 operator names
)
\inf@bad=\count193
LaTeX Info: Redefining \frac on input line 234.
\uproot@=\count194
\leftroot@=\count195
LaTeX Info: Redefining \overline on input line 399.
\classnum@=\count196
\DOTSCASE@=\count197
LaTeX Info: Redefining \ldots on input line 496.
LaTeX Info: Redefining \dots on input line 499.
LaTeX Info: Redefining \cdots on input line 620.
\Mathstrutbox@=\box50
\strutbox@=\box51
\big@size=\dimen143
LaTeX Font Info:    Redeclaring font encoding OML on input line 743.
LaTeX Font Info:    Redeclaring font encoding OMS on input line 744.
\macc@depth=\count198
\c@MaxMatrixCols=\count199
\dotsspace@=\muskip16
\c@parentequation=\count266
\dspbrk@lvl=\count267
\tag@help=\toks19
\row@=\count268
\column@=\count269
\maxfields@=\count270
\andhelp@=\toks20
\eqnshift@=\dimen144
\alignsep@=\dimen145
\tagshift@=\dimen146
\tagwidth@=\dimen147
\totwidth@=\dimen148
\lineht@=\dimen149
\@envbody=\toks21
\multlinegap=\skip50
\multlinetaggap=\skip51
\mathdisplay@stack=\toks22
LaTeX Info: Redefining \[ on input line 2938.
LaTeX Info: Redefining \] on input line 2939.
)
(/usr/share/texlive/texmf-dist/tex/latex/ragged2e/ragged2e.sty
Package: ragged2e 2021/12/15 v3.1 ragged2e Package
\CenteringLeftskip=\skip52
\RaggedLeftLeftskip=\skip53
\RaggedRightLeftskip=\skip54
\CenteringRightskip=\skip55
\RaggedLeftRightskip=\skip56
\RaggedRightRightskip=\skip57
\CenteringParfillskip=\skip58
\RaggedLeftParfillskip=\skip59
\RaggedRightParfillskip=\skip60
\JustifyingParfillskip=\skip61
\CenteringParindent=\skip62
\RaggedLeftParindent=\skip63
\RaggedRightParindent=\skip64
\JustifyingParindent=\skip65
)
(/usr/share/texlive/texmf-dist/tex/latex/listings/listings.sty
\lst@mode=\count271
\lst@gtempboxa=\box52
\lst@token=\toks23
\lst@length=\count272
\lst@currlwidth=\dimen150
\lst@column=\count273
\lst@pos=\count274
\lst@lostspace=\dimen151
\lst@width=\dimen152
\lst@newlines=\count275
\lst@lineno=\count276
\lst@maxwidth=\dimen153

(/usr/share/texlive/texmf-dist/tex/latex/listings/lstmisc.sty
File: lstmisc.sty 2020/03/24 1.8d (Carsten Heinz)
\c@lstnumber=\count277
\lst@skipnumbers=\count278
\lst@framebox=\box53
)
(/usr/share/texlive/texmf-dist/tex/latex/listings/listings.cfg
File: listings.cfg 2020/03/24 1.8d listings configuration
))
Package: listings 2020/03/24 1.8d (Carsten Heinz)

(/usr/share/texlive/texmf-dist/tex/latex/tools/array.sty
Package: array 2021/10/04 v2.5f Tabular extension package (FMi)
\col@sep=\dimen154
\ar@mcellbox=\box54
\extrarowheight=\dimen155
\NC@list=\toks24
\extratabsurround=\skip66
\backup@length=\skip67
\ar@cellbox=\box55
)
(/usr/share/texlive/texmf-dist/tex/latex/tools/multicol.sty
Package: multicol 2021/10/28 v1.9b multicolumn formatting (FMi)
\c@tracingmulticols=\count279
\mult@box=\box56
\multicol@leftmargin=\dimen156
\c@unbalance=\count280
\c@collectmore=\count281
\doublecol@number=\count282
\multicoltolerance=\count283
\multicolpretolerance=\count284
\full@width=\dimen157
\page@free=\dimen158
\premulticols=\dimen159
\postmulticols=\dimen160
\multicolsep=\skip68
\multicolbaselineskip=\skip69
\partial@page=\box57
\last@line=\box58
\maxbalancingoverflow=\dimen161
\mult@rightbox=\box59
\mult@grightbox=\box60
\mult@firstbox=\box61
\mult@gfirstbox=\box62
\@tempa=\box63
\@tempa=\box64
\@tempa=\box65
\@tempa=\box66
\@tempa=\box67
\@tempa=\box68
\@tempa=\box69
\@tempa=\box70
\@tempa=\box71
\@tempa=\box72
\@tempa=\box73
\@tempa=\box74
\@tempa=\box75
\@tempa=\box76
\@tempa=\box77
\@tempa=\box78
\@tempa=\box79
\@tempa=\box80
\@tempa=\box81
\@tempa=\box82
\@tempa=\box83
\@tempa=\box84
\@tempa=\box85
\@tempa=\box86
\@tempa=\box87
\@tempa=\box88
\@tempa=\box89
\@tempa=\box90
\@tempa=\box91
\@tempa=\box92
\@tempa=\box93
\@tempa=\box94
\@tempa=\box95
\@tempa=\box96
\@tempa=\box97
\@tempa=\box98
\c@minrows=\count285
\c@columnbadness=\count286
\c@finalcolumnbadness=\count287
\last@try=\dimen162
\multicolovershoot=\dimen163
\multicolundershoot=\dimen164
\mult@nat@firstbox=\box99
\colbreak@box=\box100
\mc@col@check@num=\count288
)
(/usr/share/texlive/texmf-dist/tex/latex/tools/tabularx.sty
Package: tabularx 2020/01/15 v2.11c `tabularx' package (DPC)
\TX@col@width=\dimen165
\TX@old@table=\dimen166
\TX@old@col=\dimen167
\TX@target=\dimen168
\TX@delta=\dimen169
\TX@cols=\count289
\TX@ftn=\toks25
)
(/usr/share/texlive/texmf-dist/tex/latex/tabularray/tabularray.sty
(/usr/share/texlive/texmf-dist/tex/latex/l3kernel/expl3.sty
Package: expl3 2022-01-21 L3 programming layer (loader) 

(/usr/share/texlive/texmf-dist/tex/latex/l3backend/l3backend-pdftex.def
File: l3backend-pdftex.def 2022-01-12 L3 backend support: PDF output (pdfTeX)
\l__color_backend_stack_int=\count290
\l__pdf_internal_box=\box101
))
Package: tabularray 2021-12-01 v2021Q Typeset tabulars and arrays with LaTeX3

(/usr/share/texlive/texmf-dist/tex/latex/l3packages/xparse/xparse.sty
Package: xparse 2022-01-12 L3 Experimental document command parser
)
\l__tblr_a_int=\count291
\l__tblr_c_int=\count292
\l__tblr_r_int=\count293
\l__tblr_d_dim=\dimen170
\l__tblr_h_dim=\dimen171
\l__tblr_o_dim=\dimen172
\l__tblr_p_dim=\dimen173
\l__tblr_q_dim=\dimen174
\l__tblr_r_dim=\dimen175
\l__tblr_s_dim=\dimen176
\l__tblr_t_dim=\dimen177
\l__tblr_v_dim=\dimen178
\l__tblr_w_dim=\dimen179
\l__tblr_a_box=\box102
\l__tblr_b_box=\box103
\l__tblr_c_box=\box104
\l__tblr_d_box=\box105
\g__tblr_table_count_int=\count294
\c@rownum=\count295
\c@colnum=\count296
\c@rowcount=\count297
\c@colcount=\count298
\abovesep=\dimen180
\belowsep=\dimen181
\leftsep=\dimen182
\rightsep=\dimen183
\g_tblr_level_int=\count299
\g__tblr_data_row_key_count_int=\count300
\g__tblr_data_column_key_count_int=\count301
\g__tblr_data_cell_key_count_int=\count302
\g__tblr_array_int=\count303
\l__tblr_key_count_int=\count304
\l__tblr_key_quotient_int=\count305
\l__tblr_key_quotient_two_int=\count306
\l__tblr_key_remainder_int=\count307
\g__tblr_data_str_value_count_int=\count308
\rulewidth=\dimen184
\l__multicolumn_cell_number_int=\count309
\l__tblr_strut_ht_box=\box106
\l__tblr_strut_dp_box=\box107
\g__tblr_cell_wd_dim=\dimen185
\g__tblr_cell_ht_dim=\dimen186
\g__tblr_cell_head_dim=\dimen187
\g__tblr_cell_foot_dim=\dimen188
\l__column_target_dim=\dimen189
\l__tblr_caption_box=\box108
\l__tblr_caption_left_box=\box109
\l__tblr_row_head_box=\box110
\l__tblr_row_foot_box=\box111
\l__tblr_row_head_foot_dim=\dimen190
\tablewidth=\dimen191
\l__tblr_table_firsthead_box=\box112
\l__tblr_table_middlehead_box=\box113
\l__tblr_table_lasthead_box=\box114
\l__tblr_table_firstfoot_box=\box115
\l__tblr_table_middlefoot_box=\box116
\l__tblr_table_lastfoot_box=\box117
\l__tblr_remain_height_dim=\dimen192
\l__tblr_long_from_int=\count310
\l__tblr_long_to_int=\count311
\l__tblr_curr_i_int=\count312
\l__tblr_prev_i_int=\count313
\l__tblr_table_page_int=\count314
\l__tblr_table_head_box=\box118
\l__tblr_table_foot_box=\box119
\l__tblr_table_head_foot_dim=\dimen193
\l__tblr_table_head_body_foot_dim=\dimen194
\l__tblr_table_box=\box120
\l__tblr_table_hlines_box=\box121
\l__tblr_hline_box=\box122
\l__tblr_row_box=\box123
\l__tblr_col_o_wd_dim=\dimen195
\l__tblr_col_b_wd_dim=\dimen196
\l__tblr_hline_leftskip_dim=\dimen197
\l__tblr_hline_rightskip_dim=\dimen198
\l__tblr_row_ht_dim=\dimen199
\l__tblr_row_dp_dim=\dimen256
\l__tblr_row_abovesep_dim=\dimen257
\l__tblr_row_belowsep_dim=\dimen258
\l__tblr_row_vlines_box=\box124
\l__tblr_vline_box=\box125
\l__tblr_cell_box=\box126
\l__row_upper_dim=\dimen259
\l__row_lower_dim=\dimen260
\l__row_vpace_dim=\dimen261
\l__tblr_vline_aboveskip_dim=\dimen262
\l__tblr_vline_belowskip_dim=\dimen263
\l__tblr_cell_wd_dim=\dimen264
\l__tblr_cell_ht_dim=\dimen265
\l__tblr_diag_box=\box127
)
(/usr/share/texlive/texmf-dist/tex/latex/amsfonts/amssymb.sty
Package: amssymb 2013/01/14 v3.01 AMS font symbols

(/usr/share/texlive/texmf-dist/tex/latex/amsfonts/amsfonts.sty
Package: amsfonts 2013/01/14 v3.01 Basic AMSFonts support
\symAMSa=\mathgroup4
\symAMSb=\mathgroup5
LaTeX Font Info:    Redeclaring math symbol \hbar on input line 98.
LaTeX Font Info:    Overwriting math alphabet `\mathfrak' in version `bold'
(Font)                  U/euf/m/n --> U/euf/b/n on input line 106.
))
(/usr/share/texlive/texmf-dist/tex/latex/base/inputenc.sty
Package: inputenc 2021/02/14 v1.3d Input encoding file
\inpenc@prehook=\toks26
\inpenc@posthook=\toks27
)
(/usr/share/texlive/texmf-dist/tex/latex/enumitem/enumitem.sty
Package: enumitem 2019/06/20 v3.9 Customized lists
\labelindent=\skip70
\enit@outerparindent=\dimen266
\enit@toks=\toks28
\enit@inbox=\box128
\enit@count@id=\count315
\enitdp@description=\count316
)
\c@matchleft=\count317
\c@matchright=\count318
 (./chap-9.aux)
\openout1 = `chap-9.aux'.

LaTeX Font Info:    Checking defaults for OML/cmm/m/it on input line 38.
LaTeX Font Info:    ... okay on input line 38.
LaTeX Font Info:    Checking defaults for OMS/cmsy/m/n on input line 38.
LaTeX Font Info:    ... okay on input line 38.
LaTeX Font Info:    Checking defaults for OT1/cmr/m/n on input line 38.
LaTeX Font Info:    ... okay on input line 38.
LaTeX Font Info:    Checking defaults for T1/cmr/m/n on input line 38.
LaTeX Font Info:    ... okay on input line 38.
LaTeX Font Info:    Checking defaults for TS1/cmr/m/n on input line 38.
LaTeX Font Info:    ... okay on input line 38.
LaTeX Font Info:    Checking defaults for OMX/cmex/m/n on input line 38.
LaTeX Font Info:    ... okay on input line 38.
LaTeX Font Info:    Checking defaults for U/cmr/m/n on input line 38.
LaTeX Font Info:    ... okay on input line 38.

(/usr/share/texlive/texmf-dist/tex/context/base/mkii/supp-pdf.mkii
[Loading MPS to PDF converter (version 2006.09.02).]
\scratchcounter=\count319
\scratchdimen=\dimen267
\scratchbox=\box129
\nofMPsegments=\count320
\nofMParguments=\count321
\everyMPshowfont=\toks29
\MPscratchCnt=\count322
\MPscratchDim=\dimen268
\MPnumerator=\count323
\makeMPintoPDFobject=\count324
\everyMPtoPDFconversion=\toks30
) (/usr/share/texlive/texmf-dist/tex/latex/epstopdf-pkg/epstopdf-base.sty
Package: epstopdf-base 2020-01-24 v2.11 Base part for package epstopdf
Package epstopdf-base Info: Redefining graphics rule for `.eps' on input line 4
85.

(/usr/share/texlive/texmf-dist/tex/latex/latexconfig/epstopdf-sys.cfg
File: epstopdf-sys.cfg 2010/07/13 v1.3 Configuration of (r)epstopdf for TeX Liv
e
))
\c@lstlisting=\count325
LaTeX Font Info:    Trying to load font information for U+msa on input line 46.


(/usr/share/texlive/texmf-dist/tex/latex/amsfonts/umsa.fd
File: umsa.fd 2013/01/14 v3.01 AMS symbols A
)
LaTeX Font Info:    Trying to load font information for U+msb on input line 46.


(/usr/share/texlive/texmf-dist/tex/latex/amsfonts/umsb.fd
File: umsb.fd 2013/01/14 v3.01 AMS symbols B
) [1

{/var/lib/texmf/fonts/map/pdftex/updmap/pdftex.map}] [2] [3] [4] [5] [6] [7] [8
] [9] [10]
[11] [12] [13] [14]
Overfull \hbox (4.14313pt too wide) in paragraph at lines 463--464
[]\OT1/cmr/m/n/12 Suppose that the nor-mals drawn at three dif-fer-ent points o
n the parabola
 []

[15] [16]
Overfull \hbox (7.18906pt too wide) in paragraph at lines 488--490
\OT1/cmr/m/n/12 DIRECTIONS (Q.1): Each ques-tion con-tains state-ments given in
 two columns,
 []

[17]
Underfull \hbox (badness 10000) detected at line 504
\OT1/cmr/m/n/12 1.
 []


Underfull \hbox (badness 10000) detected at line 504
\OT1/cmr/m/n/12 a)
 []


Underfull \hbox (badness 10000) detected at line 504
\OT1/cmr/m/n/12 2.
 []


Underfull \hbox (badness 10000) detected at line 504
\OT1/cmr/m/n/12 b)
 []


Underfull \hbox (badness 10000) detected at line 504
\OT1/cmr/m/n/12 3.
 []


Underfull \hbox (badness 10000) detected at line 504
\OT1/cmr/m/n/12 c)
 []


Underfull \hbox (badness 10000) detected at line 504
\OT1/cmr/m/n/12 4.
 []


Underfull \hbox (badness 10000) detected at line 504
\OT1/cmr/m/n/12 d)
 []


Overfull \hbox (29.3747pt too wide) in paragraph at lines 504--505
[][] 
 []


Underfull \hbox (badness 10000) detected at line 517
\OT1/cmr/m/n/12 1.
 []


Underfull \hbox (badness 10000) detected at line 517
\OT1/cmr/m/n/12 a)
 []


Underfull \hbox (badness 10000) detected at line 517
\OT1/cmr/m/n/12 2.
 []


Underfull \hbox (badness 10000) detected at line 517
\OT1/cmr/m/n/12 b)
 []


Underfull \hbox (badness 10000) detected at line 517
\OT1/cmr/m/n/12 3.
 []


Underfull \hbox (badness 10000) detected at line 517
\OT1/cmr/m/n/12 c)
 []


Underfull \hbox (badness 10000) detected at line 517
\OT1/cmr/m/n/12 4.
 []


Underfull \hbox (badness 10000) detected at line 517
\OT1/cmr/m/n/12 d)
 []


Overfull \hbox (29.3747pt too wide) in paragraph at lines 517--518
[][] 
 []

[18]
Underfull \hbox (badness 10000) detected at line 531
\OT1/cmr/m/n/12 1.
 []


Underfull \hbox (badness 10000) detected at line 531
\OT1/cmr/m/n/12 a)
 []


Underfull \hbox (badness 10000) detected at line 531
\OT1/cmr/m/n/12 2.
 []


Underfull \hbox (badness 10000) detected at line 531
\OT1/cmr/m/n/12 b)
 []


Underfull \hbox (badness 10000) detected at line 531
\OT1/cmr/m/n/12 3.
 []


Underfull \hbox (badness 10000) detected at line 531
\OT1/cmr/m/n/12 c)
 []


Underfull \hbox (badness 10000) in paragraph at lines 531--531
[]|[]\OT1/cmr/m/n/12 Points of the conic have
 []


Underfull \hbox (badness 10000) in paragraph at lines 531--531
\OT1/cmr/m/n/12 para-met-ric rep-re-sen-ta-tion
 []


Underfull \hbox (badness 10000) detected at line 531
\OT1/cmr/m/n/12 4.
 []


Underfull \hbox (badness 10000) detected at line 531
\OT1/cmr/m/n/12 d)
 []


Underfull \hbox (badness 10000) detected at line 531
\OT1/cmr/m/n/12 5.
 []


Underfull \hbox (badness 10000) detected at line 531
\OT1/cmr/m/n/12 e)
 []


Overfull \hbox (29.3747pt too wide) in paragraph at lines 531--532
[][] 
 []


Underfull \hbox (badness 10000) in paragraph at lines 535--536

 []


Underfull \hbox (badness 10000) detected at line 549
\OT1/cmr/m/n/12 1.
 []


Underfull \hbox (badness 10000) detected at line 549
\OT1/cmr/m/n/12 a)
 []


Underfull \hbox (badness 10000) detected at line 549
\OT1/cmr/m/n/12 2.
 []


Underfull \hbox (badness 10000) detected at line 549
\OT1/cmr/m/n/12 b)
 []


Underfull \hbox (badness 10000) detected at line 549
\OT1/cmr/m/n/12 3.
 []


Underfull \hbox (badness 10000) detected at line 549
\OT1/cmr/m/n/12 c)
 []


Underfull \hbox (badness 10000) detected at line 549
\OT1/cmr/m/n/12 4.
 []


Underfull \hbox (badness 10000) detected at line 549
\OT1/cmr/m/n/12 d)
 []


Overfull \hbox (29.3747pt too wide) in paragraph at lines 549--558
[][]
 []


Underfull \hbox (badness 10000) in paragraph at lines 549--558

 []

[19]
Overfull \hbox (31.03413pt too wide) in paragraph at lines 567--573
[][] 
 []

[20]
Underfull \hbox (badness 10000) detected at line 610
\OT1/cmr/m/n/12 1.
 []


Underfull \hbox (badness 10000) detected at line 610
\OT1/cmr/m/n/12 a)
 []


Underfull \hbox (badness 10000) detected at line 610
\OT1/cmr/m/n/12 2.
 []


Underfull \hbox (badness 10000) detected at line 610
\OT1/cmr/m/n/12 b)
 []


Underfull \hbox (badness 10000) detected at line 610
\OT1/cmr/m/n/12 3.
 []


Underfull \hbox (badness 10000) detected at line 610
\OT1/cmr/m/n/12 c)
 []


Underfull \hbox (badness 10000) detected at line 610
\OT1/cmr/m/n/12 4.
 []


Underfull \hbox (badness 10000) detected at line 610
\OT1/cmr/m/n/12 d)
 []


Overfull \hbox (29.3747pt too wide) in paragraph at lines 610--613
[][]
 []

[21] [22] [23]
Overfull \hbox (34.65999pt too wide) in paragraph at lines 702--704
\OT1/cmr/m/n/12 PASSAGE-5 Let a, r, s, t be nonzero real num-bers. Let $\OML/cm
m/m/it/12 P\OT1/cmr/m/n/12 (\OML/cmm/m/it/12 at[]; \OT1/cmr/m/n/12 2\OML/cmm/m/
it/12 at\OT1/cmr/m/n/12 )\OML/cmm/m/it/12 ; R\OT1/cmr/m/n/12 (\OML/cmm/m/it/12 
ar[]; \OT1/cmr/m/n/12 2\OML/cmm/m/it/12 ar\OT1/cmr/m/n/12 )$
 []

[24] [25] [26] [27] [28] [29] [30] [31] [32]
Overfull \hbox (1.70059pt too wide) in paragraph at lines 987--989
[]\OT1/cmr/m/n/12 A hy-per-bola passes through the point $\OML/cmm/m/it/12 P\OT
1/cmr/m/n/12 ([]\OML/cmm/m/it/12 ; []\OT1/cmr/m/n/12 )$ and has foci at $(\OMS/
cmsy/m/n/12 ^^F\OT1/cmr/m/n/12 2\OML/cmm/m/it/12 ; \OT1/cmr/m/n/12 0)$.
 []

[33] [34] [35] [36] (./chap-9.aux) ) 
Here is how much of TeX's memory you used:
 6410 strings out of 478287
 116260 string characters out of 5849289
 413819 words of memory out of 5000000
 24567 multiletter control sequences out of 15000+600000
 475124 words of font info for 50 fonts, out of 8000000 for 9000
 1141 hyphenation exceptions out of 8191
 55i,12n,63p,551b,339s stack positions out of 5000i,500n,10000p,200000b,80000s
</usr/share/texlive/texmf-dist/fonts/type1/
public/amsfonts/cm/cmbx12.pfb></usr/share/texlive/texmf-dist/fonts/type1/public
/amsfonts/cm/cmex10.pfb></usr/share/texlive/texmf-dist/fonts/type1/public/amsfo
nts/cmextra/cmex8.pfb></usr/share/texlive/texmf-dist/fonts/type1/public/amsfont
s/cm/cmmi12.pfb></usr/share/texlive/texmf-dist/fonts/type1/public/amsfonts/cm/c
mmi8.pfb></usr/share/texlive/texmf-dist/fonts/type1/public/amsfonts/cm/cmr12.pf
b></usr/share/texlive/texmf-dist/fonts/type1/public/amsfonts/cm/cmr6.pfb></usr/
share/texlive/texmf-dist/fonts/type1/public/amsfonts/cm/cmr8.pfb></usr/share/te
xlive/texmf-dist/fonts/type1/public/amsfonts/cm/cmsy10.pfb></usr/share/texlive/
texmf-dist/fonts/type1/public/amsfonts/cm/cmsy8.pfb></usr/share/texlive/texmf-d
ist/fonts/type1/public/amsfonts/symbols/msam10.pfb>
Output written on chap-9.pdf (36 pages, 209382 bytes).
PDF statistics:
 175 PDF objects out of 1000 (max. 8388607)
 113 compressed objects within 2 object streams
 0 named destinations out of 1000 (max. 500000)
 1 words of extra memory for PDF output out of 10000 (max. 10000000)

